Hexa game/Library/Bee/Android/Prj/Mono2x/Gradle/unityLibrary/mobilenotifications.androidlib/build/intermediates/manifest_merge_blame_file/debug/manifest-merger-blame-debug-report.txt
1<?xml version="1.0" encoding="utf-8"?>
2<manifest xmlns:android="http://schemas.android.com/apk/res/android"
3    package="com.unity.androidnotifications" >
4
5    <uses-sdk android:minSdkVersion="22" />
5-->src\main\AndroidManifest.xml
6
7    <uses-permission android:name="android.permission.POST_NOTIFICATIONS" />
7-->src\main\AndroidManifest.xml:11:3-75
7-->src\main\AndroidManifest.xml:11:20-72
8
9    <application>
9-->src\main\AndroidManifest.xml:2:3-10:17
10        <receiver
10-->src\main\AndroidManifest.xml:3:5-113
11            android:name="com.unity.androidnotifications.UnityNotificationManager"
11-->src\main\AndroidManifest.xml:3:15-85
12            android:exported="false" />
12-->src\main\AndroidManifest.xml:3:86-110
13        <receiver
13-->src\main\AndroidManifest.xml:4:5-8:16
14            android:name="com.unity.androidnotifications.UnityNotificationRestartReceiver"
14-->src\main\AndroidManifest.xml:4:15-93
15            android:enabled="false"
15-->src\main\AndroidManifest.xml:4:94-117
16            android:exported="false" >
16-->src\main\AndroidManifest.xml:4:118-142
17            <intent-filter>
17-->src\main\AndroidManifest.xml:5:7-7:23
18                <action android:name="android.intent.action.BOOT_COMPLETED" />
18-->src\main\AndroidManifest.xml:6:9-71
18-->src\main\AndroidManifest.xml:6:17-68
19            </intent-filter>
20        </receiver>
21
22        <meta-data
22-->src\main\AndroidManifest.xml:9:5-99
23            android:name="com.unity.androidnotifications.exact_scheduling"
23-->src\main\AndroidManifest.xml:9:16-78
24            android:value="0" />
24-->src\main\AndroidManifest.xml:9:79-96
25    </application>
26
27</manifest>